<?xml version="1.0" encoding="UTF-8"?>
<testsuite xmlns:xsi="http://www.w3.org/2001/XMLSchema-instance" xsi:noNamespaceSchemaLocation="https://maven.apache.org/surefire/maven-surefire-plugin/xsd/surefire-test-report-3.0.xsd" version="3.0" name="com.example.explorecalijpa.ExplorecaliJpaApplicationTests" time="5.02" tests="1" errors="0" skipped="0" failures="0">
  <properties>
[...]
</properties>
  <testcase name="contextLoads" classname="com.example.explorecalijpa.ExplorecaliJpaApplicationTests" time="0.944">
    <system-out><![CDATA[16:26:43.556 [main] INFO org.springframework.test.context.support.AnnotationConfigContextLoaderUtils -- Could not detect default configuration classes for test class [com.example.explorecalijpa.ExplorecaliJpaApplicationTests]: ExplorecaliJpaApplicationTests does not declare any static, non-private, non-final, nested classes annotated with @Configuration.
16:26:43.665 [main] INFO org.springframework.boot.test.context.SpringBootTestContextBootstrapper -- Found @SpringBootConfiguration com.example.explorecalijpa.ExplorecaliJpaApplication for test class com.example.explorecalijpa.ExplorecaliJpaApplicationTests

  .   ____          _            __ _ _
 /\\ / ___'_ __ _ _(_)_ __  __ _ \ \ \ \
( ( )\___ | '_ | '_| | '_ \/ _` | \ \ \ \
 \\/  ___)| |_)| | | | | || (_| |  ) ) ) )
  '  |____| .__|_| |_|_| |_\__, | / / / /
 =========|_|==============|___/=/_/_/_/

 :: Spring Boot ::                (v3.3.5)

2024-10-28T16:26:44.141Z  INFO 8072 --- [explorecali-jpa] [           main] [                                                 ] c.e.e.ExplorecaliJpaApplicationTests     : Starting ExplorecaliJpaApplicationTests using Java 21.0.4 with PID 8072 (started by vscode in /workspaces/creating-spring-boot-microservices-3839084/explorecali-jpa)
2024-10-28T16:26:44.148Z  INFO 8072 --- [explorecali-jpa] [           main] [                                                 ] c.e.e.ExplorecaliJpaApplicationTests     : No active profile set, falling back to 1 default profile: "default"
2024-10-28T16:26:47.212Z  INFO 8072 --- [explorecali-jpa] [           main] [                                                 ] o.s.b.a.e.web.EndpointLinksResolver      : Exposing 1 endpoint beneath base path '/actuator'
2024-10-28T16:26:47.290Z  INFO 8072 --- [explorecali-jpa] [           main] [                                                 ] c.e.e.ExplorecaliJpaApplicationTests     : Started ExplorecaliJpaApplicationTests in 3.486 seconds (process running for 4.61)
]]></system-out>
    <system-err><![CDATA[WARNING: A Java agent has been loaded dynamically (/home/vscode/.m2/repository/net/bytebuddy/byte-buddy-agent/1.14.19/byte-buddy-agent-1.14.19.jar)
WARNING: If a serviceability tool is in use, please run with -XX:+EnableDynamicAgentLoading to hide this warning
WARNING: If a serviceability tool is not in use, please run with -Djdk.instrument.traceUsage for more information
WARNING: Dynamic loading of agents will be disallowed by default in a future release
]]></system-err>
  </testcase>
</testsuite>